# Printing of the source term Puissance_Thermique_VEF_P1NC of the equation Conduction of the problem pb_fuel_pin
# Heat power release = Integral(P*dv) [W]
#            Time
   3.94905804e-03   0.00000000e+00
   1.00204388e+02   0.00000000e+00
   2.00037369e+02   0.00000000e+00
   3.00075911e+02   0.00000000e+00
   4.00265080e+02   0.00000000e+00
   5.00478568e+02   0.00000000e+00
   6.00017412e+02   0.00000000e+00
   7.00501580e+02   0.00000000e+00
   8.00318688e+02   0.00000000e+00
   9.00135796e+02   0.00000000e+00
   1.00019180e+03   0.00000000e+00
   1.10002777e+03   0.00000000e+00
   1.20045801e+03   0.00000000e+00
   1.30029399e+03   0.00000000e+00
   1.40019443e+03   0.00000000e+00
   1.50044553e+03   0.00000000e+00
   1.60004564e+03   0.00000000e+00
   1.70029674e+03   0.00000000e+00
   1.80011856e+03   0.00000000e+00
   1.90066765e+03   0.00000000e+00
   2.00050363e+03   0.00000000e+00
   2.10033960e+03   0.00000000e+00
   2.20017558e+03   0.00000000e+00
   2.22662886e+03   0.00000000e+00
