# Printing of the source term Puissance_Thermique_VEF_P1NC of the equation Conduction of the problem pb_fuel_pin
# Heat power release = Integral(P*dv) [W]
#            Time
   3.94905804e-03   0.00000000e+00
   1.00181163e+02   0.00000000e+00
   2.00176536e+02   0.00000000e+00
   3.00049823e+02   0.00000000e+00
   4.00038887e+02   0.00000000e+00
   5.00072950e+02   0.00000000e+00
   6.00107012e+02   0.00000000e+00
   7.00141075e+02   0.00000000e+00
   8.00066660e+02   0.00000000e+00
   9.00426252e+02   0.00000000e+00
   1.00024336e+03   0.00000000e+00
   1.10006047e+03   0.00000000e+00
   1.20035537e+03   0.00000000e+00
   1.30019134e+03   0.00000000e+00
   1.40002732e+03   0.00000000e+00
   1.50045755e+03   0.00000000e+00
   1.60058746e+03   0.00000000e+00
   1.70018757e+03   0.00000000e+00
   1.80043867e+03   0.00000000e+00
   1.90003878e+03   0.00000000e+00
   2.00032236e+03   0.00000000e+00
   2.10015834e+03   0.00000000e+00
   2.20070743e+03   0.00000000e+00
   2.30054340e+03   0.00000000e+00
   2.40037938e+03   0.00000000e+00
   2.49172605e+03   0.00000000e+00
