# Printing of the source term Puissance_Thermique_VEF_P1NC of the equation Convection_Diffusion_Temperature of the problem pb_gas
# Heat power release = Integral(P*dv) [W]
#            Time
   3.94905804e-03   0.00000000e+00
   1.00157166e+02   0.00000000e+00
   2.00121720e+02   0.00000000e+00
   3.00267835e+02   0.00000000e+00
   4.00223961e+02   0.00000000e+00
   5.00299292e+02   0.00000000e+00
   6.00247813e+02   0.00000000e+00
   7.00079990e+02   0.00000000e+00
   8.00055994e+02   0.00000000e+00
   9.00337665e+02   0.00000000e+00
   1.00020666e+03   0.00000000e+00
   1.10028335e+03   0.00000000e+00
   1.20019087e+03   0.00000000e+00
   1.30009840e+03   0.00000000e+00
   1.40013929e+03   0.00000000e+00
   1.50017336e+03   0.00000000e+00
   1.60020742e+03   0.00000000e+00
   1.70024148e+03   0.00000000e+00
   1.76120058e+03   0.00000000e+00
