# Printing of the source term Puissance_Thermique_VEF_P1NC of the equation Convection_Diffusion_Temperature of the problem pb_gas
# Heat power release = Integral(P*dv) [W]
#            Time
   3.94905804e-03   0.00000000e+00
   1.00180448e+02   0.00000000e+00
   2.00286148e+02   0.00000000e+00
   3.00088480e+02   0.00000000e+00
   4.00141322e+02   0.00000000e+00
   5.00236802e+02   0.00000000e+00
   6.00068979e+02   0.00000000e+00
   7.00164317e+02   0.00000000e+00
   8.00033307e+02   0.00000000e+00
   9.00272940e+02   0.00000000e+00
   1.00018046e+03   0.00000000e+00
   1.10014882e+03   0.00000000e+00
   1.20018288e+03   0.00000000e+00
   1.30034910e+03   0.00000000e+00
   1.40016621e+03   0.00000000e+00
   1.50035048e+03   0.00000000e+00
   1.60018646e+03   0.00000000e+00
   1.70002243e+03   0.00000000e+00
   1.80012269e+03   0.00000000e+00
   1.90037378e+03   0.00000000e+00
   1.92315812e+03   0.00000000e+00
